d:\school_projects\semester_5\newengine\engine\classengine_complete\classengine\debug\vc141.pdb
d:\school_projects\semester_5\newengine\engine\classengine_complete\classengine\debug\vc141.idb
d:\school_projects\semester_5\newengine\engine\classengine_complete\classengine\debug\loadobjmodel.obj
d:\school_projects\semester_5\newengine\engine\classengine_complete\classengine\debug\lightsource.obj
d:\school_projects\semester_5\newengine\engine\classengine_complete\classengine\debug\texturehandler.obj
d:\school_projects\semester_5\newengine\engine\classengine_complete\classengine\debug\shaderhandler.obj
d:\school_projects\semester_5\newengine\engine\classengine_complete\classengine\debug\model.obj
d:\school_projects\semester_5\newengine\engine\classengine_complete\classengine\debug\mesh.obj
d:\school_projects\semester_5\newengine\engine\classengine_complete\classengine\debug\timer.obj
d:\school_projects\semester_5\newengine\engine\classengine_complete\classengine\debug\window.obj
d:\school_projects\semester_5\newengine\engine\classengine_complete\classengine\debug\main.obj
d:\school_projects\semester_5\newengine\engine\classengine_complete\classengine\debug\gameone.obj
d:\school_projects\semester_5\newengine\engine\classengine_complete\classengine\debug\eventlistener.obj
d:\school_projects\semester_5\newengine\engine\classengine_complete\classengine\debug\gameobject.obj
d:\school_projects\semester_5\newengine\engine\classengine_complete\classengine\debug\classengine.obj
d:\school_projects\semester_5\newengine\engine\classengine_complete\classengine\debug\debug.obj
d:\school_projects\semester_5\newengine\engine\classengine_complete\classengine\debug\camera.obj
d:\school_projects\semester_5\newengine\engine\classengine_complete\classengine\debug\scenegraph.obj
d:\school_projects\semester_5\newengine\engine\classengine_complete\classengine\debug\materialhandler.obj
d:\school_projects\semester_5\newengine\engine\classengine_complete\classengine\debug\materialloader.obj
d:\school_projects\semester_5\newengine\engine\classengine_complete\classengine\debug\collisionhandler.obj
d:\school_projects\semester_5\newengine\engine\classengine_complete\classengine\debug\collisiondetection.obj
d:\school_projects\semester_5\newengine\engine\classengine_complete\classengine\debug\mouseeventlistener.obj
c:\users\boss\desktop\reyn's temp folder\engine\classengine_complete\debug\classengine.exe
c:\users\boss\desktop\reyn's temp folder\engine\classengine_complete\debug\classengine.ilk
c:\users\boss\desktop\reyn's temp folder\engine\classengine_complete\debug\classengine.pdb
d:\school_projects\semester_5\newengine\engine\classengine_complete\debug\classengine.exe
d:\school_projects\semester_5\newengine\engine\classengine_complete\debug\classengine.ilk
d:\school_projects\semester_5\newengine\engine\classengine_complete\debug\classengine.pdb
d:\school_projects\semester_5\newengine\engine\classengine_complete\classengine\debug\cube.obj
d:\school_projects\semester_5\newengine\engine\classengine_complete\classengine\debug\square.obj
d:\school_projects\semester_5\newengine\engine\classengine_complete\classengine\debug\triangle.obj
d:\school_projects\semester_5\newengine\engine\classengine_complete\classengine\debug\classengine.tlog\cl.command.1.tlog
d:\school_projects\semester_5\newengine\engine\classengine_complete\classengine\debug\classengine.tlog\cl.read.1.tlog
d:\school_projects\semester_5\newengine\engine\classengine_complete\classengine\debug\classengine.tlog\cl.write.1.tlog
d:\school_projects\semester_5\newengine\engine\classengine_complete\classengine\debug\classengine.tlog\link.command.1.tlog
d:\school_projects\semester_5\newengine\engine\classengine_complete\classengine\debug\classengine.tlog\link.read.1.tlog
d:\school_projects\semester_5\newengine\engine\classengine_complete\classengine\debug\classengine.tlog\link.write.1.tlog
